{"C:\\Users\\fabio sebastian\\tdd-case\\app.js": {"path":"C:\\Users\\fabio sebastian\\tdd-case\\app.js","statementMap":{"0":{"start":{"line":1,"column":16},"end":{"line":1,"column":34}},"1":{"start":{"line":2,"column":17},"end":{"line":2,"column":36}},"2":{"start":{"line":3,"column":12},"end":{"line":3,"column":21}},"3":{"start":{"line":5,"column":0},"end":{"line":5,"column":23}},"4":{"start":{"line":7,"column":0},"end":{"line":7,"column":15}},"5":{"start":{"line":9,"column":0},"end":{"line":9,"column":24}}},"fnMap":{},"branchMap":{},"s":{"0":1,"1":1,"2":1,"3":1,"4":1,"5":1},"f":{},"b":{},"_coverageSchema":"1a1c01bbd47fc00a2c39e90264f33305004495a9","hash":"e41faae242c0802647feb93ec780cd5350aab76f"}
,"C:\\Users\\fabio sebastian\\tdd-case\\routes.js": {"path":"C:\\Users\\fabio sebastian\\tdd-case\\routes.js","statementMap":{"0":{"start":{"line":1,"column":16},"end":{"line":1,"column":34}},"1":{"start":{"line":2,"column":15},"end":{"line":2,"column":31}},"2":{"start":{"line":4,"column":0},"end":{"line":14,"column":4}},"3":{"start":{"line":5,"column":41},"end":{"line":5,"column":49}},"4":{"start":{"line":6,"column":17},"end":{"line":6,"column":22}},"5":{"start":{"line":8,"column":4},"end":{"line":13,"column":8}},"6":{"start":{"line":16,"column":2},"end":{"line":16,"column":32}}},"fnMap":{"0":{"name":"(anonymous_0)","decl":{"start":{"line":4,"column":25},"end":{"line":4,"column":26}},"loc":{"start":{"line":4,"column":39},"end":{"line":14,"column":3}},"line":4}},"branchMap":{},"s":{"0":1,"1":1,"2":1,"3":1,"4":1,"5":1,"6":1},"f":{"0":1},"b":{},"_coverageSchema":"1a1c01bbd47fc00a2c39e90264f33305004495a9","hash":"2e51d966ac7da86614e72cb3e607769162d27811"}
,"C:\\Users\\fabio sebastian\\tdd-case\\server.js": {"path":"C:\\Users\\fabio sebastian\\tdd-case\\server.js","statementMap":{"0":{"start":{"line":1,"column":14},"end":{"line":1,"column":30}},"1":{"start":{"line":2,"column":13},"end":{"line":2,"column":17}},"2":{"start":{"line":4,"column":0},"end":{"line":6,"column":3}},"3":{"start":{"line":5,"column":4},"end":{"line":5,"column":117}},"4":{"start":{"line":5,"column":41},"end":{"line":5,"column":116}},"5":{"start":{"line":8,"column":0},"end":{"line":15,"column":68}},"6":{"start":{"line":15,"column":85},"end":{"line":15,"column":39098}},"7":{"start":{"line":15,"column":89},"end":{"line":15,"column":39087}}},"fnMap":{"0":{"name":"(anonymous_0)","decl":{"start":{"line":5,"column":15},"end":{"line":5,"column":16}},"loc":{"start":{"line":5,"column":41},"end":{"line":5,"column":116}},"line":5},"1":{"name":"oo_cm","decl":{"start":{"line":15,"column":77},"end":{"line":15,"column":82}},"loc":{"start":{"line":15,"column":84},"end":{"line":15,"column":39099}},"line":15}},"branchMap":{"0":{"loc":{"start":{"line":4,"column":0},"end":{"line":6,"column":3}},"type":"if","locations":[{"start":{"line":4,"column":0},"end":{"line":6,"column":3}},{"start":{},"end":{}}],"line":4},"1":{"loc":{"start":{"line":15,"column":96},"end":{"line":15,"column":39086}},"type":"binary-expr","locations":[{"start":{"line":15,"column":96},"end":{"line":15,"column":133}},{"start":{"line":15,"column":137},"end":{"line":15,"column":39086}}],"line":15}},"s":{"0":1,"1":1,"2":1,"3":0,"4":0,"5":1,"6":0,"7":0},"f":{"0":0,"1":0},"b":{"0":[0,1],"1":[0,0]},"_coverageSchema":"1a1c01bbd47fc00a2c39e90264f33305004495a9","hash":"c8b580e0335b12f7201d3c40b7b83569962fd32f"}
,"C:\\Users\\fabio sebastian\\tdd-case\\builders\\product-builder.js": {"path":"C:\\Users\\fabio sebastian\\tdd-case\\builders\\product-builder.js","statementMap":{"0":{"start":{"line":1,"column":0},"end":{"line":7,"column":3}},"1":{"start":{"line":2,"column":94},"end":{"line":6,"column":5}}},"fnMap":{"0":{"name":"(anonymous_0)","decl":{"start":{"line":2,"column":13},"end":{"line":2,"column":14}},"loc":{"start":{"line":2,"column":94},"end":{"line":6,"column":5}},"line":2}},"branchMap":{"0":{"loc":{"start":{"line":2,"column":15},"end":{"line":2,"column":88}},"type":"default-arg","locations":[{"start":{"line":2,"column":86},"end":{"line":2,"column":88}}],"line":2},"1":{"loc":{"start":{"line":2,"column":16},"end":{"line":2,"column":42}},"type":"default-arg","locations":[{"start":{"line":2,"column":21},"end":{"line":2,"column":42}}],"line":2},"2":{"loc":{"start":{"line":2,"column":44},"end":{"line":2,"column":72}},"type":"default-arg","locations":[{"start":{"line":2,"column":56},"end":{"line":2,"column":72}}],"line":2},"3":{"loc":{"start":{"line":2,"column":74},"end":{"line":2,"column":81}},"type":"default-arg","locations":[{"start":{"line":2,"column":80},"end":{"line":2,"column":81}}],"line":2}},"s":{"0":1,"1":1},"f":{"0":1},"b":{"0":[1],"1":[1],"2":[1],"3":[1]},"_coverageSchema":"1a1c01bbd47fc00a2c39e90264f33305004495a9","hash":"c8f5b5b6ca1cd57624af7b6f3cd9307700f0cdf8"}
}
