TN:
SF:app.js
FNF:0
FNH:0
DA:1,1
DA:2,1
DA:3,1
DA:5,1
DA:7,1
DA:9,1
LF:6
LH:6
BRF:0
BRH:0
end_of_record
TN:
SF:routes.js
FN:4,(anonymous_0)
FNF:1
FNH:1
FNDA:1,(anonymous_0)
DA:1,1
DA:2,1
DA:4,1
DA:5,1
DA:6,1
DA:8,1
DA:16,1
LF:7
LH:7
BRF:0
BRH:0
end_of_record
TN:
SF:server.js
FN:5,(anonymous_0)
FN:15,oo_cm
FNF:2
FNH:0
FNDA:0,(anonymous_0)
FNDA:0,oo_cm
DA:1,1
DA:2,1
DA:4,1
DA:5,0
DA:8,1
DA:15,0
LF:6
LH:4
BRDA:4,0,0,0
BRDA:4,0,1,1
BRDA:15,1,0,0
BRDA:15,1,1,0
BRF:4
BRH:1
end_of_record
TN:
SF:builders\product-builder.js
FN:2,(anonymous_0)
FNF:1
FNH:1
FNDA:1,(anonymous_0)
DA:1,1
DA:2,1
LF:2
LH:2
BRDA:2,0,0,1
BRDA:2,1,0,1
BRDA:2,2,0,1
BRDA:2,3,0,1
BRF:4
BRH:4
end_of_record
